2019-02-10 22:40:32.734 DEBUG customer_data_generator - <module>: Generation of customer data script started executing...
2019-02-10 22:40:32.806 DEBUG factory - <module>: Not in REPL -> leaving logger event level as is.
2019-02-10 22:40:33.067 DEBUG factory - _find_provider_class: Looking for locale `en_US` in provider `faker.providers.address`.
2019-02-10 22:40:33.068 DEBUG factory - _find_provider_class: Provider `faker.providers.address` has been localized to `en_US`.
2019-02-10 22:40:33.069 DEBUG factory - _find_provider_class: Looking for locale `en_US` in provider `faker.providers.automotive`.
2019-02-10 22:40:33.069 DEBUG factory - _find_provider_class: Provider `faker.providers.automotive` has been localized to `en_US`.
2019-02-10 22:40:33.070 DEBUG factory - _find_provider_class: Looking for locale `en_US` in provider `faker.providers.bank`.
2019-02-10 22:40:33.070 DEBUG factory - _find_provider_class: Specified locale `en_US` is not available for provider `faker.providers.bank`. Locale reset to `en_GB` for this provider.
2019-02-10 22:40:33.070 DEBUG factory - _find_provider_class: Provider `faker.providers.barcode` does not feature localization. Specified locale `en_US` is not utilized for this provider.
2019-02-10 22:40:33.070 DEBUG factory - _find_provider_class: Looking for locale `en_US` in provider `faker.providers.color`.
2019-02-10 22:40:33.071 DEBUG factory - _find_provider_class: Provider `faker.providers.color` has been localized to `en_US`.
2019-02-10 22:40:33.071 DEBUG factory - _find_provider_class: Looking for locale `en_US` in provider `faker.providers.company`.
2019-02-10 22:40:33.072 DEBUG factory - _find_provider_class: Provider `faker.providers.company` has been localized to `en_US`.
2019-02-10 22:40:33.072 DEBUG factory - _find_provider_class: Provider `faker.providers.credit_card` does not feature localization. Specified locale `en_US` is not utilized for this provider.
2019-02-10 22:40:33.073 DEBUG factory - _find_provider_class: Provider `faker.providers.currency` does not feature localization. Specified locale `en_US` is not utilized for this provider.
2019-02-10 22:40:33.073 DEBUG factory - _find_provider_class: Looking for locale `en_US` in provider `faker.providers.date_time`.
2019-02-10 22:40:33.073 DEBUG factory - _find_provider_class: Provider `faker.providers.date_time` has been localized to `en_US`.
2019-02-10 22:40:33.074 DEBUG factory - _find_provider_class: Provider `faker.providers.file` does not feature localization. Specified locale `en_US` is not utilized for this provider.
2019-02-10 22:40:33.074 DEBUG factory - _find_provider_class: Looking for locale `en_US` in provider `faker.providers.geo`.
2019-02-10 22:40:33.074 DEBUG factory - _find_provider_class: Provider `faker.providers.geo` has been localized to `en_US`.
2019-02-10 22:40:33.074 DEBUG factory - _find_provider_class: Looking for locale `en_US` in provider `faker.providers.internet`.
2019-02-10 22:40:33.075 DEBUG factory - _find_provider_class: Provider `faker.providers.internet` has been localized to `en_US`.
2019-02-10 22:40:33.076 DEBUG factory - _find_provider_class: Provider `faker.providers.isbn` does not feature localization. Specified locale `en_US` is not utilized for this provider.
2019-02-10 22:40:33.076 DEBUG factory - _find_provider_class: Looking for locale `en_US` in provider `faker.providers.job`.
2019-02-10 22:40:33.077 DEBUG factory - _find_provider_class: Provider `faker.providers.job` has been localized to `en_US`.
2019-02-10 22:40:33.077 DEBUG factory - _find_provider_class: Looking for locale `en_US` in provider `faker.providers.lorem`.
2019-02-10 22:40:33.077 DEBUG factory - _find_provider_class: Provider `faker.providers.lorem` has been localized to `en_US`.
2019-02-10 22:40:33.078 DEBUG factory - _find_provider_class: Provider `faker.providers.misc` does not feature localization. Specified locale `en_US` is not utilized for this provider.
2019-02-10 22:40:33.078 DEBUG factory - _find_provider_class: Looking for locale `en_US` in provider `faker.providers.person`.
2019-02-10 22:40:33.079 DEBUG factory - _find_provider_class: Provider `faker.providers.person` has been localized to `en_US`.
2019-02-10 22:40:33.084 DEBUG factory - _find_provider_class: Looking for locale `en_US` in provider `faker.providers.phone_number`.
2019-02-10 22:40:33.085 DEBUG factory - _find_provider_class: Provider `faker.providers.phone_number` has been localized to `en_US`.
2019-02-10 22:40:33.086 DEBUG factory - _find_provider_class: Provider `faker.providers.profile` does not feature localization. Specified locale `en_US` is not utilized for this provider.
2019-02-10 22:40:33.086 DEBUG factory - _find_provider_class: Provider `faker.providers.python` does not feature localization. Specified locale `en_US` is not utilized for this provider.
2019-02-10 22:40:33.086 DEBUG factory - _find_provider_class: Looking for locale `en_US` in provider `faker.providers.ssn`.
2019-02-10 22:40:33.087 DEBUG factory - _find_provider_class: Provider `faker.providers.ssn` has been localized to `en_US`.
2019-02-10 22:40:33.087 DEBUG factory - _find_provider_class: Provider `faker.providers.user_agent` does not feature localization. Specified locale `en_US` is not utilized for this provider.
