2019-02-11 01:59:00.275 DEBUG claims_contact_data - <module>: Generation of claim adjuster data script started executing...
2019-02-11 01:59:00.371 DEBUG factory - <module>: Not in REPL -> leaving logger event level as is.
2019-02-11 01:59:00.669 DEBUG factory - _find_provider_class: Looking for locale `en_US` in provider `faker.providers.address`.
2019-02-11 01:59:00.671 DEBUG factory - _find_provider_class: Provider `faker.providers.address` has been localized to `en_US`.
2019-02-11 01:59:00.672 DEBUG factory - _find_provider_class: Looking for locale `en_US` in provider `faker.providers.automotive`.
2019-02-11 01:59:00.673 DEBUG factory - _find_provider_class: Provider `faker.providers.automotive` has been localized to `en_US`.
2019-02-11 01:59:00.673 DEBUG factory - _find_provider_class: Looking for locale `en_US` in provider `faker.providers.bank`.
2019-02-11 01:59:00.674 DEBUG factory - _find_provider_class: Specified locale `en_US` is not available for provider `faker.providers.bank`. Locale reset to `en_GB` for this provider.
2019-02-11 01:59:00.674 DEBUG factory - _find_provider_class: Provider `faker.providers.barcode` does not feature localization. Specified locale `en_US` is not utilized for this provider.
2019-02-11 01:59:00.674 DEBUG factory - _find_provider_class: Looking for locale `en_US` in provider `faker.providers.color`.
2019-02-11 01:59:00.675 DEBUG factory - _find_provider_class: Provider `faker.providers.color` has been localized to `en_US`.
2019-02-11 01:59:00.675 DEBUG factory - _find_provider_class: Looking for locale `en_US` in provider `faker.providers.company`.
2019-02-11 01:59:00.676 DEBUG factory - _find_provider_class: Provider `faker.providers.company` has been localized to `en_US`.
2019-02-11 01:59:00.676 DEBUG factory - _find_provider_class: Provider `faker.providers.credit_card` does not feature localization. Specified locale `en_US` is not utilized for this provider.
2019-02-11 01:59:00.676 DEBUG factory - _find_provider_class: Provider `faker.providers.currency` does not feature localization. Specified locale `en_US` is not utilized for this provider.
2019-02-11 01:59:00.677 DEBUG factory - _find_provider_class: Looking for locale `en_US` in provider `faker.providers.date_time`.
2019-02-11 01:59:00.677 DEBUG factory - _find_provider_class: Provider `faker.providers.date_time` has been localized to `en_US`.
2019-02-11 01:59:00.677 DEBUG factory - _find_provider_class: Provider `faker.providers.file` does not feature localization. Specified locale `en_US` is not utilized for this provider.
2019-02-11 01:59:00.678 DEBUG factory - _find_provider_class: Looking for locale `en_US` in provider `faker.providers.geo`.
2019-02-11 01:59:00.678 DEBUG factory - _find_provider_class: Provider `faker.providers.geo` has been localized to `en_US`.
2019-02-11 01:59:00.678 DEBUG factory - _find_provider_class: Looking for locale `en_US` in provider `faker.providers.internet`.
2019-02-11 01:59:00.679 DEBUG factory - _find_provider_class: Provider `faker.providers.internet` has been localized to `en_US`.
2019-02-11 01:59:00.680 DEBUG factory - _find_provider_class: Provider `faker.providers.isbn` does not feature localization. Specified locale `en_US` is not utilized for this provider.
2019-02-11 01:59:00.680 DEBUG factory - _find_provider_class: Looking for locale `en_US` in provider `faker.providers.job`.
2019-02-11 01:59:00.681 DEBUG factory - _find_provider_class: Provider `faker.providers.job` has been localized to `en_US`.
2019-02-11 01:59:00.681 DEBUG factory - _find_provider_class: Looking for locale `en_US` in provider `faker.providers.lorem`.
2019-02-11 01:59:00.681 DEBUG factory - _find_provider_class: Provider `faker.providers.lorem` has been localized to `en_US`.
2019-02-11 01:59:00.682 DEBUG factory - _find_provider_class: Provider `faker.providers.misc` does not feature localization. Specified locale `en_US` is not utilized for this provider.
2019-02-11 01:59:00.683 DEBUG factory - _find_provider_class: Looking for locale `en_US` in provider `faker.providers.person`.
2019-02-11 01:59:00.684 DEBUG factory - _find_provider_class: Provider `faker.providers.person` has been localized to `en_US`.
2019-02-11 01:59:00.689 DEBUG factory - _find_provider_class: Looking for locale `en_US` in provider `faker.providers.phone_number`.
2019-02-11 01:59:00.690 DEBUG factory - _find_provider_class: Provider `faker.providers.phone_number` has been localized to `en_US`.
2019-02-11 01:59:00.691 DEBUG factory - _find_provider_class: Provider `faker.providers.profile` does not feature localization. Specified locale `en_US` is not utilized for this provider.
2019-02-11 01:59:00.691 DEBUG factory - _find_provider_class: Provider `faker.providers.python` does not feature localization. Specified locale `en_US` is not utilized for this provider.
2019-02-11 01:59:00.691 DEBUG factory - _find_provider_class: Looking for locale `en_US` in provider `faker.providers.ssn`.
2019-02-11 01:59:00.692 DEBUG factory - _find_provider_class: Provider `faker.providers.ssn` has been localized to `en_US`.
2019-02-11 01:59:00.693 DEBUG factory - _find_provider_class: Provider `faker.providers.user_agent` does not feature localization. Specified locale `en_US` is not utilized for this provider.
2019-02-11 02:00:12.077 DEBUG claims_contact_data - main: Traceback (most recent call last):
  File "claims_contact_data.py", line 137, in main
    df.to_sql(ccc.table_name, engine, index=False)
  File "/usr/lib64/python2.7/site-packages/pandas/core/generic.py", line 2130, in to_sql
    dtype=dtype)
  File "/usr/lib64/python2.7/site-packages/pandas/io/sql.py", line 450, in to_sql
    chunksize=chunksize, dtype=dtype)
  File "/usr/lib64/python2.7/site-packages/pandas/io/sql.py", line 1126, in to_sql
    table.create()
  File "/usr/lib64/python2.7/site-packages/pandas/io/sql.py", line 563, in create
    raise ValueError("Table '%s' already exists." % self.name)
ValueError: Table 'claims_adjuster' already exists.

