2019-02-11 03:59:21.286 DEBUG claim_generator - <module>: Claims data generation is started.
2019-02-11 03:59:21.357 DEBUG factory - <module>: Not in REPL -> leaving logger event level as is.
2019-02-11 03:59:21.624 DEBUG factory - _find_provider_class: Looking for locale `en_US` in provider `faker.providers.address`.
2019-02-11 03:59:21.625 DEBUG factory - _find_provider_class: Provider `faker.providers.address` has been localized to `en_US`.
2019-02-11 03:59:21.626 DEBUG factory - _find_provider_class: Looking for locale `en_US` in provider `faker.providers.automotive`.
2019-02-11 03:59:21.626 DEBUG factory - _find_provider_class: Provider `faker.providers.automotive` has been localized to `en_US`.
2019-02-11 03:59:21.627 DEBUG factory - _find_provider_class: Looking for locale `en_US` in provider `faker.providers.bank`.
2019-02-11 03:59:21.627 DEBUG factory - _find_provider_class: Specified locale `en_US` is not available for provider `faker.providers.bank`. Locale reset to `en_GB` for this provider.
2019-02-11 03:59:21.627 DEBUG factory - _find_provider_class: Provider `faker.providers.barcode` does not feature localization. Specified locale `en_US` is not utilized for this provider.
2019-02-11 03:59:21.628 DEBUG factory - _find_provider_class: Looking for locale `en_US` in provider `faker.providers.color`.
2019-02-11 03:59:21.628 DEBUG factory - _find_provider_class: Provider `faker.providers.color` has been localized to `en_US`.
2019-02-11 03:59:21.628 DEBUG factory - _find_provider_class: Looking for locale `en_US` in provider `faker.providers.company`.
2019-02-11 03:59:21.629 DEBUG factory - _find_provider_class: Provider `faker.providers.company` has been localized to `en_US`.
2019-02-11 03:59:21.629 DEBUG factory - _find_provider_class: Provider `faker.providers.credit_card` does not feature localization. Specified locale `en_US` is not utilized for this provider.
2019-02-11 03:59:21.630 DEBUG factory - _find_provider_class: Provider `faker.providers.currency` does not feature localization. Specified locale `en_US` is not utilized for this provider.
2019-02-11 03:59:21.630 DEBUG factory - _find_provider_class: Looking for locale `en_US` in provider `faker.providers.date_time`.
2019-02-11 03:59:21.630 DEBUG factory - _find_provider_class: Provider `faker.providers.date_time` has been localized to `en_US`.
2019-02-11 03:59:21.631 DEBUG factory - _find_provider_class: Provider `faker.providers.file` does not feature localization. Specified locale `en_US` is not utilized for this provider.
2019-02-11 03:59:21.631 DEBUG factory - _find_provider_class: Looking for locale `en_US` in provider `faker.providers.geo`.
2019-02-11 03:59:21.631 DEBUG factory - _find_provider_class: Provider `faker.providers.geo` has been localized to `en_US`.
2019-02-11 03:59:21.632 DEBUG factory - _find_provider_class: Looking for locale `en_US` in provider `faker.providers.internet`.
2019-02-11 03:59:21.633 DEBUG factory - _find_provider_class: Provider `faker.providers.internet` has been localized to `en_US`.
2019-02-11 03:59:21.633 DEBUG factory - _find_provider_class: Provider `faker.providers.isbn` does not feature localization. Specified locale `en_US` is not utilized for this provider.
2019-02-11 03:59:21.633 DEBUG factory - _find_provider_class: Looking for locale `en_US` in provider `faker.providers.job`.
2019-02-11 03:59:21.634 DEBUG factory - _find_provider_class: Provider `faker.providers.job` has been localized to `en_US`.
2019-02-11 03:59:21.634 DEBUG factory - _find_provider_class: Looking for locale `en_US` in provider `faker.providers.lorem`.
2019-02-11 03:59:21.635 DEBUG factory - _find_provider_class: Provider `faker.providers.lorem` has been localized to `en_US`.
2019-02-11 03:59:21.635 DEBUG factory - _find_provider_class: Provider `faker.providers.misc` does not feature localization. Specified locale `en_US` is not utilized for this provider.
2019-02-11 03:59:21.636 DEBUG factory - _find_provider_class: Looking for locale `en_US` in provider `faker.providers.person`.
2019-02-11 03:59:21.637 DEBUG factory - _find_provider_class: Provider `faker.providers.person` has been localized to `en_US`.
2019-02-11 03:59:21.642 DEBUG factory - _find_provider_class: Looking for locale `en_US` in provider `faker.providers.phone_number`.
2019-02-11 03:59:21.643 DEBUG factory - _find_provider_class: Provider `faker.providers.phone_number` has been localized to `en_US`.
2019-02-11 03:59:21.643 DEBUG factory - _find_provider_class: Provider `faker.providers.profile` does not feature localization. Specified locale `en_US` is not utilized for this provider.
2019-02-11 03:59:21.643 DEBUG factory - _find_provider_class: Provider `faker.providers.python` does not feature localization. Specified locale `en_US` is not utilized for this provider.
2019-02-11 03:59:21.644 DEBUG factory - _find_provider_class: Looking for locale `en_US` in provider `faker.providers.ssn`.
2019-02-11 03:59:21.645 DEBUG factory - _find_provider_class: Provider `faker.providers.ssn` has been localized to `en_US`.
2019-02-11 03:59:21.645 DEBUG factory - _find_provider_class: Provider `faker.providers.user_agent` does not feature localization. Specified locale `en_US` is not utilized for this provider.
2019-02-11 03:59:21.666 DEBUG claim_generator - <module>: Connected to: postgresql://data:gen123@10.20.202.43:5432/datagen
2019-02-11 03:59:22.641 DEBUG claim_generator - generate_claims: Data loaded.
