2019-02-10 23:09:28.591 DEBUG policy_data - <module>: Table to csv script started executing for all tables
2019-02-10 23:09:28.711 DEBUG factory - <module>: Not in REPL -> leaving logger event level as is.
2019-02-10 23:09:28.711 DEBUG factory - _find_provider_class: Looking for locale `en_US` in provider `faker.providers.address`.
2019-02-10 23:09:28.712 DEBUG factory - _find_provider_class: Provider `faker.providers.address` has been localized to `en_US`.
2019-02-10 23:09:28.713 DEBUG factory - _find_provider_class: Looking for locale `en_US` in provider `faker.providers.automotive`.
2019-02-10 23:09:28.714 DEBUG factory - _find_provider_class: Provider `faker.providers.automotive` has been localized to `en_US`.
2019-02-10 23:09:28.714 DEBUG factory - _find_provider_class: Looking for locale `en_US` in provider `faker.providers.bank`.
2019-02-10 23:09:28.715 DEBUG factory - _find_provider_class: Specified locale `en_US` is not available for provider `faker.providers.bank`. Locale reset to `en_GB` for this provider.
2019-02-10 23:09:28.715 DEBUG factory - _find_provider_class: Provider `faker.providers.barcode` does not feature localization. Specified locale `en_US` is not utilized for this provider.
2019-02-10 23:09:28.715 DEBUG factory - _find_provider_class: Looking for locale `en_US` in provider `faker.providers.color`.
2019-02-10 23:09:28.716 DEBUG factory - _find_provider_class: Provider `faker.providers.color` has been localized to `en_US`.
2019-02-10 23:09:28.716 DEBUG factory - _find_provider_class: Looking for locale `en_US` in provider `faker.providers.company`.
2019-02-10 23:09:28.717 DEBUG factory - _find_provider_class: Provider `faker.providers.company` has been localized to `en_US`.
2019-02-10 23:09:28.717 DEBUG factory - _find_provider_class: Provider `faker.providers.credit_card` does not feature localization. Specified locale `en_US` is not utilized for this provider.
2019-02-10 23:09:28.717 DEBUG factory - _find_provider_class: Provider `faker.providers.currency` does not feature localization. Specified locale `en_US` is not utilized for this provider.
2019-02-10 23:09:28.717 DEBUG factory - _find_provider_class: Looking for locale `en_US` in provider `faker.providers.date_time`.
2019-02-10 23:09:28.718 DEBUG factory - _find_provider_class: Provider `faker.providers.date_time` has been localized to `en_US`.
2019-02-10 23:09:28.718 DEBUG factory - _find_provider_class: Provider `faker.providers.file` does not feature localization. Specified locale `en_US` is not utilized for this provider.
2019-02-10 23:09:28.718 DEBUG factory - _find_provider_class: Looking for locale `en_US` in provider `faker.providers.geo`.
2019-02-10 23:09:28.719 DEBUG factory - _find_provider_class: Provider `faker.providers.geo` has been localized to `en_US`.
2019-02-10 23:09:28.719 DEBUG factory - _find_provider_class: Looking for locale `en_US` in provider `faker.providers.internet`.
2019-02-10 23:09:28.720 DEBUG factory - _find_provider_class: Provider `faker.providers.internet` has been localized to `en_US`.
2019-02-10 23:09:28.720 DEBUG factory - _find_provider_class: Provider `faker.providers.isbn` does not feature localization. Specified locale `en_US` is not utilized for this provider.
2019-02-10 23:09:28.720 DEBUG factory - _find_provider_class: Looking for locale `en_US` in provider `faker.providers.job`.
2019-02-10 23:09:28.721 DEBUG factory - _find_provider_class: Provider `faker.providers.job` has been localized to `en_US`.
2019-02-10 23:09:28.721 DEBUG factory - _find_provider_class: Looking for locale `en_US` in provider `faker.providers.lorem`.
2019-02-10 23:09:28.722 DEBUG factory - _find_provider_class: Provider `faker.providers.lorem` has been localized to `en_US`.
2019-02-10 23:09:28.722 DEBUG factory - _find_provider_class: Provider `faker.providers.misc` does not feature localization. Specified locale `en_US` is not utilized for this provider.
2019-02-10 23:09:28.722 DEBUG factory - _find_provider_class: Looking for locale `en_US` in provider `faker.providers.person`.
2019-02-10 23:09:28.724 DEBUG factory - _find_provider_class: Provider `faker.providers.person` has been localized to `en_US`.
2019-02-10 23:09:28.728 DEBUG factory - _find_provider_class: Looking for locale `en_US` in provider `faker.providers.phone_number`.
2019-02-10 23:09:28.730 DEBUG factory - _find_provider_class: Provider `faker.providers.phone_number` has been localized to `en_US`.
2019-02-10 23:09:28.730 DEBUG factory - _find_provider_class: Provider `faker.providers.profile` does not feature localization. Specified locale `en_US` is not utilized for this provider.
2019-02-10 23:09:28.730 DEBUG factory - _find_provider_class: Provider `faker.providers.python` does not feature localization. Specified locale `en_US` is not utilized for this provider.
2019-02-10 23:09:28.730 DEBUG factory - _find_provider_class: Looking for locale `en_US` in provider `faker.providers.ssn`.
2019-02-10 23:09:28.731 DEBUG factory - _find_provider_class: Provider `faker.providers.ssn` has been localized to `en_US`.
2019-02-10 23:09:28.732 DEBUG factory - _find_provider_class: Provider `faker.providers.user_agent` does not feature localization. Specified locale `en_US` is not utilized for this provider.
